K:\ONBON\SDKCPLUS\EQK\LEDEQSDK\WIN32\RELEASE_32_MT\BROADCASTPEER.OBJ
K:\ONBON\SDKCPLUS\EQK\LEDEQSDK\WIN32\RELEASE_32_MT\BX_SDK_DUAL.DLL.EMBED.MANIFEST
K:\ONBON\SDKCPLUS\EQK\LEDEQSDK\WIN32\RELEASE_32_MT\BX_SDK_DUAL.DLL.EMBED.MANIFEST.RES
K:\ONBON\SDKCPLUS\EQK\LEDEQSDK\WIN32\RELEASE_32_MT\BX_SDK_DUAL.DLL.INTERMEDIATE.MANIFEST
K:\ONBON\SDKCPLUS\EQK\LEDEQSDK\WIN32\RELEASE_32_MT\BX_SDK_DUAL.OBJ
K:\ONBON\SDKCPLUS\EQK\LEDEQSDK\WIN32\RELEASE_32_MT\BX_SDK_DUAL.PCH
K:\ONBON\SDKCPLUS\EQK\LEDEQSDK\WIN32\RELEASE_32_MT\BX_SDK_DUAL.RES
K:\onbon\sdkcplus\eqk\LedEQSdk\Win32\Release_32_MT\bx_sdk_dual.write.1.tlog
K:\onbon\sdkcplus\eqk\LedEQSdk\Win32\Release_32_MT\bx_sdk_dual_manifest.rc
K:\ONBON\SDKCPLUS\EQK\LEDEQSDK\WIN32\RELEASE_32_MT\CAIROFREETYPE.OBJ
K:\onbon\sdkcplus\eqk\LedEQSdk\Win32\Release_32_MT\cl.command.1.tlog
K:\onbon\sdkcplus\eqk\LedEQSdk\Win32\Release_32_MT\CL.read.1.tlog
K:\onbon\sdkcplus\eqk\LedEQSdk\Win32\Release_32_MT\CL.write.1.tlog
K:\ONBON\SDKCPLUS\EQK\LEDEQSDK\WIN32\RELEASE_32_MT\COMMAND.OBJ
K:\ONBON\SDKCPLUS\EQK\LEDEQSDK\WIN32\RELEASE_32_MT\COMMONOBJ.OBJ
K:\ONBON\SDKCPLUS\EQK\LEDEQSDK\WIN32\RELEASE_32_MT\DLLMAIN.OBJ
K:\ONBON\SDKCPLUS\EQK\LEDEQSDK\WIN32\RELEASE_32_MT\DYNAMICAREA.OBJ
K:\ONBON\SDKCPLUS\EQK\LEDEQSDK\WIN32\RELEASE_32_MT\DYNAMICAREA_5G.OBJ
K:\ONBON\SDKCPLUS\EQK\LEDEQSDK\WIN32\RELEASE_32_MT\DYNAMICAREA_6G.OBJ
K:\ONBON\SDKCPLUS\EQK\LEDEQSDK\WIN32\RELEASE_32_MT\EQ_BROADCAST.OBJ
K:\ONBON\SDKCPLUS\EQK\LEDEQSDK\WIN32\RELEASE_32_MT\EQ_CLIENT.OBJ
K:\ONBON\SDKCPLUS\EQK\LEDEQSDK\WIN32\RELEASE_32_MT\EQ_SERIALPORT.OBJ
K:\ONBON\SDKCPLUS\EQK\LEDEQSDK\WIN32\RELEASE_32_MT\EQAREA.OBJ
K:\ONBON\SDKCPLUS\EQK\LEDEQSDK\WIN32\RELEASE_32_MT\EQFRAME.OBJ
K:\ONBON\SDKCPLUS\EQK\LEDEQSDK\WIN32\RELEASE_32_MT\GLOBAL.OBJ
K:\ONBON\SDKCPLUS\EQK\LEDEQSDK\WIN32\RELEASE_32_MT\K_CLIENT.OBJ
K:\ONBON\SDKCPLUS\EQK\LEDEQSDK\WIN32\RELEASE_32_MT\LEDEPACKET_DYNAMICAREA.OBJ
K:\ONBON\SDKCPLUS\EQK\LEDEQSDK\WIN32\RELEASE_32_MT\LEDEQPACKET.OBJ
K:\ONBON\SDKCPLUS\EQK\LEDEQSDK\WIN32\RELEASE_32_MT\LEDKPACKET.OBJ
K:\ONBON\SDKCPLUS\EQK\LEDEQSDK\WIN32\RELEASE_32_MT\LEDPACKET.OBJ
K:\ONBON\SDKCPLUS\EQK\LEDEQSDK\WIN32\RELEASE_32_MT\LEDYQPACKET.OBJ
K:\onbon\sdkcplus\eqk\LedEQSdk\Win32\Release_32_MT\link.command.1.tlog
K:\onbon\sdkcplus\eqk\LedEQSdk\Win32\Release_32_MT\link.read.1.tlog
K:\onbon\sdkcplus\eqk\LedEQSdk\Win32\Release_32_MT\link.write.1.tlog
K:\onbon\sdkcplus\eqk\LedEQSdk\Win32\Release_32_MT\link-cvtres.read.1.tlog
K:\onbon\sdkcplus\eqk\LedEQSdk\Win32\Release_32_MT\link-cvtres.write.1.tlog
K:\ONBON\SDKCPLUS\EQK\LEDEQSDK\WIN32\RELEASE_32_MT\MAINTAINCMD_LOCKPROGRAM.OBJ
K:\onbon\sdkcplus\eqk\LedEQSdk\Win32\Release_32_MT\mt.command.1.tlog
K:\onbon\sdkcplus\eqk\LedEQSdk\Win32\Release_32_MT\mt.read.1.tlog
K:\onbon\sdkcplus\eqk\LedEQSdk\Win32\Release_32_MT\mt.write.1.tlog
K:\ONBON\SDKCPLUS\EQK\LEDEQSDK\WIN32\RELEASE_32_MT\MUTEX_WIN32.OBJ
K:\ONBON\SDKCPLUS\EQK\LEDEQSDK\WIN32\RELEASE_32_MT\PICTURESAREA.OBJ
K:\ONBON\SDKCPLUS\EQK\LEDEQSDK\WIN32\RELEASE_32_MT\PICTURESAREA_G6.OBJ
K:\ONBON\SDKCPLUS\EQK\LEDEQSDK\WIN32\RELEASE_32_MT\PROGRAMOBJ.OBJ
K:\ONBON\SDKCPLUS\EQK\LEDEQSDK\WIN32\RELEASE_32_MT\PROGRAMOBJ_G6.OBJ
K:\onbon\sdkcplus\eqk\LedEQSdk\Win32\Release_32_MT\rc.command.1.tlog
K:\onbon\sdkcplus\eqk\LedEQSdk\Win32\Release_32_MT\rc.read.1.tlog
K:\onbon\sdkcplus\eqk\LedEQSdk\Win32\Release_32_MT\rc.write.1.tlog
K:\ONBON\SDKCPLUS\EQK\LEDEQSDK\WIN32\RELEASE_32_MT\SERIALPORT.OBJ
K:\ONBON\SDKCPLUS\EQK\LEDEQSDK\WIN32\RELEASE_32_MT\STDAFX.OBJ
K:\ONBON\SDKCPLUS\EQK\LEDEQSDK\WIN32\RELEASE_32_MT\TCPPEER.OBJ
K:\ONBON\SDKCPLUS\EQK\LEDEQSDK\WIN32\RELEASE_32_MT\TIMEAREA.OBJ
K:\ONBON\SDKCPLUS\EQK\LEDEQSDK\WIN32\RELEASE_32_MT\TIMEAREA_G6.OBJ
K:\ONBON\SDKCPLUS\EQK\LEDEQSDK\WIN32\RELEASE_32_MT\VC100.PDB
K:\ONBON\SDKCPLUS\EQK\LEDEQSDK\WIN32\RELEASE_32_MT\YQ_CLIENT.OBJ
K:\ONBON\SDKCPLUS\EQK\WIN32\RELEASE_32_MT\BX_SDK_DUAL.DLL
K:\onbon\sdkcplus\eqk\Win32\Release_32_MT\bx_sdk_dual.exp
K:\onbon\sdkcplus\eqk\Win32\Release_32_MT\bx_sdk_dual.lib
K:\ONBON\SDKCPLUS\EQK\WIN32\RELEASE_32_MT\BX_SDK_DUAL.PDB
